<?xml version="1.0" encoding="UTF-8"?>
<testsuite xmlns:xsi="http://www.w3.org/2001/XMLSchema-instance" xsi:noNamespaceSchemaLocation="https://maven.apache.org/surefire/maven-surefire-plugin/xsd/surefire-test-report.xsd" name="com.SpringbootSchemaApplicationTests" time="4.452" tests="1" errors="0" skipped="0" failures="0">
  <properties>
    <property name="sun.desktop" value="windows"/>
    <property name="awt.toolkit" value="sun.awt.windows.WToolkit"/>
    <property name="file.encoding.pkg" value="sun.io"/>
    <property name="java.specification.version" value="1.8"/>
    <property name="sun.cpu.isalist" value="amd64"/>
    <property name="sun.jnu.encoding" value="GBK"/>
    <property name="java.class.path" value="D:\KK_Movies\qianghuichapin\target\test-classes;D:\KK_Movies\qianghuichapin\target\classes;D:\software\eclipse\abo\repository\org\springframework\boot\spring-boot-starter-web\2.2.2.RELEASE\spring-boot-starter-web-2.2.2.RELEASE.jar;D:\software\eclipse\abo\repository\org\springframework\boot\spring-boot-starter\2.2.2.RELEASE\spring-boot-starter-2.2.2.RELEASE.jar;D:\software\eclipse\abo\repository\org\springframework\boot\spring-boot\2.2.2.RELEASE\spring-boot-2.2.2.RELEASE.jar;D:\software\eclipse\abo\repository\org\springframework\boot\spring-boot-starter-logging\2.2.2.RELEASE\spring-boot-starter-logging-2.2.2.RELEASE.jar;D:\software\eclipse\abo\repository\ch\qos\logback\logback-classic\1.2.3\logback-classic-1.2.3.jar;D:\software\eclipse\abo\repository\ch\qos\logback\logback-core\1.2.3\logback-core-1.2.3.jar;D:\software\eclipse\abo\repository\org\apache\logging\log4j\log4j-to-slf4j\2.12.1\log4j-to-slf4j-2.12.1.jar;D:\software\eclipse\abo\repository\org\apache\logging\log4j\log4j-api\2.12.1\log4j-api-2.12.1.jar;D:\software\eclipse\abo\repository\org\slf4j\jul-to-slf4j\1.7.29\jul-to-slf4j-1.7.29.jar;D:\software\eclipse\abo\repository\jakarta\annotation\jakarta.annotation-api\1.3.5\jakarta.annotation-api-1.3.5.jar;D:\software\eclipse\abo\repository\org\yaml\snakeyaml\1.25\snakeyaml-1.25.jar;D:\software\eclipse\abo\repository\org\springframework\boot\spring-boot-starter-json\2.2.2.RELEASE\spring-boot-starter-json-2.2.2.RELEASE.jar;D:\software\eclipse\abo\repository\com\fasterxml\jackson\core\jackson-databind\2.10.1\jackson-databind-2.10.1.jar;D:\software\eclipse\abo\repository\com\fasterxml\jackson\core\jackson-annotations\2.10.1\jackson-annotations-2.10.1.jar;D:\software\eclipse\abo\repository\com\fasterxml\jackson\core\jackson-core\2.10.1\jackson-core-2.10.1.jar;D:\software\eclipse\abo\repository\com\fasterxml\jackson\datatype\jackson-datatype-jdk8\2.10.1\jackson-datatype-jdk8-2.10.1.jar;D:\software\eclipse\abo\repository\com\fasterxml\jackson\datatype\jackson-datatype-jsr310\2.10.1\jackson-datatype-jsr310-2.10.1.jar;D:\software\eclipse\abo\repository\com\fasterxml\jackson\module\jackson-module-parameter-names\2.10.1\jackson-module-parameter-names-2.10.1.jar;D:\software\eclipse\abo\repository\org\springframework\boot\spring-boot-starter-tomcat\2.2.2.RELEASE\spring-boot-starter-tomcat-2.2.2.RELEASE.jar;D:\software\eclipse\abo\repository\org\apache\tomcat\embed\tomcat-embed-core\9.0.29\tomcat-embed-core-9.0.29.jar;D:\software\eclipse\abo\repository\org\apache\tomcat\embed\tomcat-embed-el\9.0.29\tomcat-embed-el-9.0.29.jar;D:\software\eclipse\abo\repository\org\apache\tomcat\embed\tomcat-embed-websocket\9.0.29\tomcat-embed-websocket-9.0.29.jar;D:\software\eclipse\abo\repository\org\springframework\boot\spring-boot-starter-validation\2.2.2.RELEASE\spring-boot-starter-validation-2.2.2.RELEASE.jar;D:\software\eclipse\abo\repository\jakarta\validation\jakarta.validation-api\2.0.1\jakarta.validation-api-2.0.1.jar;D:\software\eclipse\abo\repository\org\hibernate\validator\hibernate-validator\6.0.18.Final\hibernate-validator-6.0.18.Final.jar;D:\software\eclipse\abo\repository\org\jboss\logging\jboss-logging\3.4.1.Final\jboss-logging-3.4.1.Final.jar;D:\software\eclipse\abo\repository\com\fasterxml\classmate\1.5.1\classmate-1.5.1.jar;D:\software\eclipse\abo\repository\org\springframework\spring-web\5.2.2.RELEASE\spring-web-5.2.2.RELEASE.jar;D:\software\eclipse\abo\repository\org\springframework\spring-beans\5.2.2.RELEASE\spring-beans-5.2.2.RELEASE.jar;D:\software\eclipse\abo\repository\org\springframework\spring-webmvc\5.2.2.RELEASE\spring-webmvc-5.2.2.RELEASE.jar;D:\software\eclipse\abo\repository\org\springframework\spring-aop\5.2.2.RELEASE\spring-aop-5.2.2.RELEASE.jar;D:\software\eclipse\abo\repository\org\springframework\spring-context\5.2.2.RELEASE\spring-context-5.2.2.RELEASE.jar;D:\software\eclipse\abo\repository\org\springframework\spring-expression\5.2.2.RELEASE\spring-expression-5.2.2.RELEASE.jar;D:\software\eclipse\abo\repository\org\mybatis\spring\boot\mybatis-spring-boot-starter\2.1.1\mybatis-spring-boot-starter-2.1.1.jar;D:\software\eclipse\abo\repository\org\mybatis\spring\boot\mybatis-spring-boot-autoconfigure\2.1.1\mybatis-spring-boot-autoconfigure-2.1.1.jar;D:\software\eclipse\abo\repository\org\mybatis\mybatis\3.5.3\mybatis-3.5.3.jar;D:\software\eclipse\abo\repository\org\mybatis\mybatis-spring\2.0.3\mybatis-spring-2.0.3.jar;D:\software\eclipse\abo\repository\org\springframework\boot\spring-boot-starter-jdbc\2.2.2.RELEASE\spring-boot-starter-jdbc-2.2.2.RELEASE.jar;D:\software\eclipse\abo\repository\com\zaxxer\HikariCP\3.4.1\HikariCP-3.4.1.jar;D:\software\eclipse\abo\repository\org\slf4j\slf4j-api\1.7.29\slf4j-api-1.7.29.jar;D:\software\eclipse\abo\repository\org\springframework\spring-jdbc\5.2.2.RELEASE\spring-jdbc-5.2.2.RELEASE.jar;D:\software\eclipse\abo\repository\org\springframework\spring-tx\5.2.2.RELEASE\spring-tx-5.2.2.RELEASE.jar;D:\software\eclipse\abo\repository\mysql\mysql-connector-java\8.0.18\mysql-connector-java-8.0.18.jar;D:\software\eclipse\abo\repository\org\apache\shiro\shiro-spring\1.3.2\shiro-spring-1.3.2.jar;D:\software\eclipse\abo\repository\org\apache\shiro\shiro-core\1.3.2\shiro-core-1.3.2.jar;D:\software\eclipse\abo\repository\commons-beanutils\commons-beanutils\1.8.3\commons-beanutils-1.8.3.jar;D:\software\eclipse\abo\repository\org\apache\shiro\shiro-web\1.3.2\shiro-web-1.3.2.jar;D:\software\eclipse\abo\repository\com\baomidou\mybatis-plus\2.3\mybatis-plus-2.3.jar;D:\software\eclipse\abo\repository\com\baomidou\mybatis-plus-support\2.3\mybatis-plus-support-2.3.jar;D:\software\eclipse\abo\repository\com\baomidou\mybatis-plus-core\2.3\mybatis-plus-core-2.3.jar;D:\software\eclipse\abo\repository\com\github\jsqlparser\jsqlparser\1.1\jsqlparser-1.1.jar;D:\software\eclipse\abo\repository\com\baomidou\mybatis-plus-generate\2.3\mybatis-plus-generate-2.3.jar;D:\software\eclipse\abo\repository\com\baomidou\mybatisplus-spring-boot-starter\1.0.5\mybatisplus-spring-boot-starter-1.0.5.jar;D:\software\eclipse\abo\repository\org\springframework\boot\spring-boot-autoconfigure\2.2.2.RELEASE\spring-boot-autoconfigure-2.2.2.RELEASE.jar;D:\software\eclipse\abo\repository\org\springframework\boot\spring-boot-configuration-processor\2.2.2.RELEASE\spring-boot-configuration-processor-2.2.2.RELEASE.jar;D:\software\eclipse\abo\repository\com\google\protobuf\protobuf-java\3.10.0\protobuf-java-3.10.0.jar;D:\software\eclipse\abo\repository\org\apache\commons\commons-lang3\3.0\commons-lang3-3.0.jar;D:\software\eclipse\abo\repository\javax\validation\validation-api\2.0.1.Final\validation-api-2.0.1.Final.jar;D:\software\eclipse\abo\repository\commons-io\commons-io\2.5\commons-io-2.5.jar;D:\software\eclipse\abo\repository\cn\hutool\hutool-all\4.0.12\hutool-all-4.0.12.jar;D:\software\eclipse\abo\repository\com\alibaba\fastjson\1.2.8\fastjson-1.2.8.jar;D:\software\eclipse\abo\repository\com\baidu\aip\java-sdk\4.4.1\java-sdk-4.4.1.jar;D:\software\eclipse\abo\repository\org\json\json\20160810\json-20160810.jar;D:\software\eclipse\abo\repository\log4j\log4j\1.2.17\log4j-1.2.17.jar;D:\software\eclipse\abo\repository\org\springframework\boot\spring-boot-starter-test\2.2.2.RELEASE\spring-boot-starter-test-2.2.2.RELEASE.jar;D:\software\eclipse\abo\repository\org\springframework\boot\spring-boot-test\2.2.2.RELEASE\spring-boot-test-2.2.2.RELEASE.jar;D:\software\eclipse\abo\repository\org\springframework\boot\spring-boot-test-autoconfigure\2.2.2.RELEASE\spring-boot-test-autoconfigure-2.2.2.RELEASE.jar;D:\software\eclipse\abo\repository\com\jayway\jsonpath\json-path\2.4.0\json-path-2.4.0.jar;D:\software\eclipse\abo\repository\net\minidev\json-smart\2.3\json-smart-2.3.jar;D:\software\eclipse\abo\repository\net\minidev\accessors-smart\1.2\accessors-smart-1.2.jar;D:\software\eclipse\abo\repository\org\ow2\asm\asm\5.0.4\asm-5.0.4.jar;D:\software\eclipse\abo\repository\jakarta\xml\bind\jakarta.xml.bind-api\2.3.2\jakarta.xml.bind-api-2.3.2.jar;D:\software\eclipse\abo\repository\jakarta\activation\jakarta.activation-api\1.2.1\jakarta.activation-api-1.2.1.jar;D:\software\eclipse\abo\repository\org\junit\jupiter\junit-jupiter\5.5.2\junit-jupiter-5.5.2.jar;D:\software\eclipse\abo\repository\org\junit\jupiter\junit-jupiter-api\5.5.2\junit-jupiter-api-5.5.2.jar;D:\software\eclipse\abo\repository\org\apiguardian\apiguardian-api\1.1.0\apiguardian-api-1.1.0.jar;D:\software\eclipse\abo\repository\org\opentest4j\opentest4j\1.2.0\opentest4j-1.2.0.jar;D:\software\eclipse\abo\repository\org\junit\platform\junit-platform-commons\1.5.2\junit-platform-commons-1.5.2.jar;D:\software\eclipse\abo\repository\org\junit\jupiter\junit-jupiter-params\5.5.2\junit-jupiter-params-5.5.2.jar;D:\software\eclipse\abo\repository\org\junit\jupiter\junit-jupiter-engine\5.5.2\junit-jupiter-engine-5.5.2.jar;D:\software\eclipse\abo\repository\org\junit\platform\junit-platform-engine\1.5.2\junit-platform-engine-1.5.2.jar;D:\software\eclipse\abo\repository\org\mockito\mockito-junit-jupiter\3.1.0\mockito-junit-jupiter-3.1.0.jar;D:\software\eclipse\abo\repository\org\assertj\assertj-core\3.13.2\assertj-core-3.13.2.jar;D:\software\eclipse\abo\repository\org\hamcrest\hamcrest\2.1\hamcrest-2.1.jar;D:\software\eclipse\abo\repository\org\mockito\mockito-core\3.1.0\mockito-core-3.1.0.jar;D:\software\eclipse\abo\repository\net\bytebuddy\byte-buddy\1.10.4\byte-buddy-1.10.4.jar;D:\software\eclipse\abo\repository\net\bytebuddy\byte-buddy-agent\1.10.4\byte-buddy-agent-1.10.4.jar;D:\software\eclipse\abo\repository\org\objenesis\objenesis\2.6\objenesis-2.6.jar;D:\software\eclipse\abo\repository\org\skyscreamer\jsonassert\1.5.0\jsonassert-1.5.0.jar;D:\software\eclipse\abo\repository\com\vaadin\external\google\android-json\0.0.20131108.vaadin1\android-json-0.0.20131108.vaadin1.jar;D:\software\eclipse\abo\repository\org\springframework\spring-core\5.2.2.RELEASE\spring-core-5.2.2.RELEASE.jar;D:\software\eclipse\abo\repository\org\springframework\spring-jcl\5.2.2.RELEASE\spring-jcl-5.2.2.RELEASE.jar;D:\software\eclipse\abo\repository\org\springframework\spring-test\5.2.2.RELEASE\spring-test-5.2.2.RELEASE.jar;D:\software\eclipse\abo\repository\org\xmlunit\xmlunit-core\2.6.3\xmlunit-core-2.6.3.jar;"/>
    <property name="java.vm.vendor" value="Oracle Corporation"/>
    <property name="sun.arch.data.model" value="64"/>
    <property name="user.variant" value=""/>
    <property name="java.vendor.url" value="http://java.oracle.com/"/>
    <property name="user.timezone" value="Asia/Shanghai"/>
    <property name="java.vm.specification.version" value="1.8"/>
    <property name="os.name" value="Windows 10"/>
    <property name="user.country" value="CN"/>
    <property name="sun.java.launcher" value="SUN_STANDARD"/>
    <property name="sun.boot.library.path" value="C:\Program Files\Java\jdk1.8.0_211\jre\bin"/>
    <property name="sun.java.command" value="C:\Users\ADMINI~1\AppData\Local\Temp\surefire8336109080263782554\surefirebooter941511655178520827.jar C:\Users\Administrator\AppData\Local\Temp\surefire8336109080263782554 2021-04-10T16-43-53_331-jvmRun1 surefire1175989812879301855tmp surefire_04136471641917635376tmp"/>
    <property name="surefire.test.class.path" value="D:\KK_Movies\qianghuichapin\target\test-classes;D:\KK_Movies\qianghuichapin\target\classes;D:\software\eclipse\abo\repository\org\springframework\boot\spring-boot-starter-web\2.2.2.RELEASE\spring-boot-starter-web-2.2.2.RELEASE.jar;D:\software\eclipse\abo\repository\org\springframework\boot\spring-boot-starter\2.2.2.RELEASE\spring-boot-starter-2.2.2.RELEASE.jar;D:\software\eclipse\abo\repository\org\springframework\boot\spring-boot\2.2.2.RELEASE\spring-boot-2.2.2.RELEASE.jar;D:\software\eclipse\abo\repository\org\springframework\boot\spring-boot-starter-logging\2.2.2.RELEASE\spring-boot-starter-logging-2.2.2.RELEASE.jar;D:\software\eclipse\abo\repository\ch\qos\logback\logback-classic\1.2.3\logback-classic-1.2.3.jar;D:\software\eclipse\abo\repository\ch\qos\logback\logback-core\1.2.3\logback-core-1.2.3.jar;D:\software\eclipse\abo\repository\org\apache\logging\log4j\log4j-to-slf4j\2.12.1\log4j-to-slf4j-2.12.1.jar;D:\software\eclipse\abo\repository\org\apache\logging\log4j\log4j-api\2.12.1\log4j-api-2.12.1.jar;D:\software\eclipse\abo\repository\org\slf4j\jul-to-slf4j\1.7.29\jul-to-slf4j-1.7.29.jar;D:\software\eclipse\abo\repository\jakarta\annotation\jakarta.annotation-api\1.3.5\jakarta.annotation-api-1.3.5.jar;D:\software\eclipse\abo\repository\org\yaml\snakeyaml\1.25\snakeyaml-1.25.jar;D:\software\eclipse\abo\repository\org\springframework\boot\spring-boot-starter-json\2.2.2.RELEASE\spring-boot-starter-json-2.2.2.RELEASE.jar;D:\software\eclipse\abo\repository\com\fasterxml\jackson\core\jackson-databind\2.10.1\jackson-databind-2.10.1.jar;D:\software\eclipse\abo\repository\com\fasterxml\jackson\core\jackson-annotations\2.10.1\jackson-annotations-2.10.1.jar;D:\software\eclipse\abo\repository\com\fasterxml\jackson\core\jackson-core\2.10.1\jackson-core-2.10.1.jar;D:\software\eclipse\abo\repository\com\fasterxml\jackson\datatype\jackson-datatype-jdk8\2.10.1\jackson-datatype-jdk8-2.10.1.jar;D:\software\eclipse\abo\repository\com\fasterxml\jackson\datatype\jackson-datatype-jsr310\2.10.1\jackson-datatype-jsr310-2.10.1.jar;D:\software\eclipse\abo\repository\com\fasterxml\jackson\module\jackson-module-parameter-names\2.10.1\jackson-module-parameter-names-2.10.1.jar;D:\software\eclipse\abo\repository\org\springframework\boot\spring-boot-starter-tomcat\2.2.2.RELEASE\spring-boot-starter-tomcat-2.2.2.RELEASE.jar;D:\software\eclipse\abo\repository\org\apache\tomcat\embed\tomcat-embed-core\9.0.29\tomcat-embed-core-9.0.29.jar;D:\software\eclipse\abo\repository\org\apache\tomcat\embed\tomcat-embed-el\9.0.29\tomcat-embed-el-9.0.29.jar;D:\software\eclipse\abo\repository\org\apache\tomcat\embed\tomcat-embed-websocket\9.0.29\tomcat-embed-websocket-9.0.29.jar;D:\software\eclipse\abo\repository\org\springframework\boot\spring-boot-starter-validation\2.2.2.RELEASE\spring-boot-starter-validation-2.2.2.RELEASE.jar;D:\software\eclipse\abo\repository\jakarta\validation\jakarta.validation-api\2.0.1\jakarta.validation-api-2.0.1.jar;D:\software\eclipse\abo\repository\org\hibernate\validator\hibernate-validator\6.0.18.Final\hibernate-validator-6.0.18.Final.jar;D:\software\eclipse\abo\repository\org\jboss\logging\jboss-logging\3.4.1.Final\jboss-logging-3.4.1.Final.jar;D:\software\eclipse\abo\repository\com\fasterxml\classmate\1.5.1\classmate-1.5.1.jar;D:\software\eclipse\abo\repository\org\springframework\spring-web\5.2.2.RELEASE\spring-web-5.2.2.RELEASE.jar;D:\software\eclipse\abo\repository\org\springframework\spring-beans\5.2.2.RELEASE\spring-beans-5.2.2.RELEASE.jar;D:\software\eclipse\abo\repository\org\springframework\spring-webmvc\5.2.2.RELEASE\spring-webmvc-5.2.2.RELEASE.jar;D:\software\eclipse\abo\repository\org\springframework\spring-aop\5.2.2.RELEASE\spring-aop-5.2.2.RELEASE.jar;D:\software\eclipse\abo\repository\org\springframework\spring-context\5.2.2.RELEASE\spring-context-5.2.2.RELEASE.jar;D:\software\eclipse\abo\repository\org\springframework\spring-expression\5.2.2.RELEASE\spring-expression-5.2.2.RELEASE.jar;D:\software\eclipse\abo\repository\org\mybatis\spring\boot\mybatis-spring-boot-starter\2.1.1\mybatis-spring-boot-starter-2.1.1.jar;D:\software\eclipse\abo\repository\org\mybatis\spring\boot\mybatis-spring-boot-autoconfigure\2.1.1\mybatis-spring-boot-autoconfigure-2.1.1.jar;D:\software\eclipse\abo\repository\org\mybatis\mybatis\3.5.3\mybatis-3.5.3.jar;D:\software\eclipse\abo\repository\org\mybatis\mybatis-spring\2.0.3\mybatis-spring-2.0.3.jar;D:\software\eclipse\abo\repository\org\springframework\boot\spring-boot-starter-jdbc\2.2.2.RELEASE\spring-boot-starter-jdbc-2.2.2.RELEASE.jar;D:\software\eclipse\abo\repository\com\zaxxer\HikariCP\3.4.1\HikariCP-3.4.1.jar;D:\software\eclipse\abo\repository\org\slf4j\slf4j-api\1.7.29\slf4j-api-1.7.29.jar;D:\software\eclipse\abo\repository\org\springframework\spring-jdbc\5.2.2.RELEASE\spring-jdbc-5.2.2.RELEASE.jar;D:\software\eclipse\abo\repository\org\springframework\spring-tx\5.2.2.RELEASE\spring-tx-5.2.2.RELEASE.jar;D:\software\eclipse\abo\repository\mysql\mysql-connector-java\8.0.18\mysql-connector-java-8.0.18.jar;D:\software\eclipse\abo\repository\org\apache\shiro\shiro-spring\1.3.2\shiro-spring-1.3.2.jar;D:\software\eclipse\abo\repository\org\apache\shiro\shiro-core\1.3.2\shiro-core-1.3.2.jar;D:\software\eclipse\abo\repository\commons-beanutils\commons-beanutils\1.8.3\commons-beanutils-1.8.3.jar;D:\software\eclipse\abo\repository\org\apache\shiro\shiro-web\1.3.2\shiro-web-1.3.2.jar;D:\software\eclipse\abo\repository\com\baomidou\mybatis-plus\2.3\mybatis-plus-2.3.jar;D:\software\eclipse\abo\repository\com\baomidou\mybatis-plus-support\2.3\mybatis-plus-support-2.3.jar;D:\software\eclipse\abo\repository\com\baomidou\mybatis-plus-core\2.3\mybatis-plus-core-2.3.jar;D:\software\eclipse\abo\repository\com\github\jsqlparser\jsqlparser\1.1\jsqlparser-1.1.jar;D:\software\eclipse\abo\repository\com\baomidou\mybatis-plus-generate\2.3\mybatis-plus-generate-2.3.jar;D:\software\eclipse\abo\repository\com\baomidou\mybatisplus-spring-boot-starter\1.0.5\mybatisplus-spring-boot-starter-1.0.5.jar;D:\software\eclipse\abo\repository\org\springframework\boot\spring-boot-autoconfigure\2.2.2.RELEASE\spring-boot-autoconfigure-2.2.2.RELEASE.jar;D:\software\eclipse\abo\repository\org\springframework\boot\spring-boot-configuration-processor\2.2.2.RELEASE\spring-boot-configuration-processor-2.2.2.RELEASE.jar;D:\software\eclipse\abo\repository\com\google\protobuf\protobuf-java\3.10.0\protobuf-java-3.10.0.jar;D:\software\eclipse\abo\repository\org\apache\commons\commons-lang3\3.0\commons-lang3-3.0.jar;D:\software\eclipse\abo\repository\javax\validation\validation-api\2.0.1.Final\validation-api-2.0.1.Final.jar;D:\software\eclipse\abo\repository\commons-io\commons-io\2.5\commons-io-2.5.jar;D:\software\eclipse\abo\repository\cn\hutool\hutool-all\4.0.12\hutool-all-4.0.12.jar;D:\software\eclipse\abo\repository\com\alibaba\fastjson\1.2.8\fastjson-1.2.8.jar;D:\software\eclipse\abo\repository\com\baidu\aip\java-sdk\4.4.1\java-sdk-4.4.1.jar;D:\software\eclipse\abo\repository\org\json\json\20160810\json-20160810.jar;D:\software\eclipse\abo\repository\log4j\log4j\1.2.17\log4j-1.2.17.jar;D:\software\eclipse\abo\repository\org\springframework\boot\spring-boot-starter-test\2.2.2.RELEASE\spring-boot-starter-test-2.2.2.RELEASE.jar;D:\software\eclipse\abo\repository\org\springframework\boot\spring-boot-test\2.2.2.RELEASE\spring-boot-test-2.2.2.RELEASE.jar;D:\software\eclipse\abo\repository\org\springframework\boot\spring-boot-test-autoconfigure\2.2.2.RELEASE\spring-boot-test-autoconfigure-2.2.2.RELEASE.jar;D:\software\eclipse\abo\repository\com\jayway\jsonpath\json-path\2.4.0\json-path-2.4.0.jar;D:\software\eclipse\abo\repository\net\minidev\json-smart\2.3\json-smart-2.3.jar;D:\software\eclipse\abo\repository\net\minidev\accessors-smart\1.2\accessors-smart-1.2.jar;D:\software\eclipse\abo\repository\org\ow2\asm\asm\5.0.4\asm-5.0.4.jar;D:\software\eclipse\abo\repository\jakarta\xml\bind\jakarta.xml.bind-api\2.3.2\jakarta.xml.bind-api-2.3.2.jar;D:\software\eclipse\abo\repository\jakarta\activation\jakarta.activation-api\1.2.1\jakarta.activation-api-1.2.1.jar;D:\software\eclipse\abo\repository\org\junit\jupiter\junit-jupiter\5.5.2\junit-jupiter-5.5.2.jar;D:\software\eclipse\abo\repository\org\junit\jupiter\junit-jupiter-api\5.5.2\junit-jupiter-api-5.5.2.jar;D:\software\eclipse\abo\repository\org\apiguardian\apiguardian-api\1.1.0\apiguardian-api-1.1.0.jar;D:\software\eclipse\abo\repository\org\opentest4j\opentest4j\1.2.0\opentest4j-1.2.0.jar;D:\software\eclipse\abo\repository\org\junit\platform\junit-platform-commons\1.5.2\junit-platform-commons-1.5.2.jar;D:\software\eclipse\abo\repository\org\junit\jupiter\junit-jupiter-params\5.5.2\junit-jupiter-params-5.5.2.jar;D:\software\eclipse\abo\repository\org\junit\jupiter\junit-jupiter-engine\5.5.2\junit-jupiter-engine-5.5.2.jar;D:\software\eclipse\abo\repository\org\junit\platform\junit-platform-engine\1.5.2\junit-platform-engine-1.5.2.jar;D:\software\eclipse\abo\repository\org\mockito\mockito-junit-jupiter\3.1.0\mockito-junit-jupiter-3.1.0.jar;D:\software\eclipse\abo\repository\org\assertj\assertj-core\3.13.2\assertj-core-3.13.2.jar;D:\software\eclipse\abo\repository\org\hamcrest\hamcrest\2.1\hamcrest-2.1.jar;D:\software\eclipse\abo\repository\org\mockito\mockito-core\3.1.0\mockito-core-3.1.0.jar;D:\software\eclipse\abo\repository\net\bytebuddy\byte-buddy\1.10.4\byte-buddy-1.10.4.jar;D:\software\eclipse\abo\repository\net\bytebuddy\byte-buddy-agent\1.10.4\byte-buddy-agent-1.10.4.jar;D:\software\eclipse\abo\repository\org\objenesis\objenesis\2.6\objenesis-2.6.jar;D:\software\eclipse\abo\repository\org\skyscreamer\jsonassert\1.5.0\jsonassert-1.5.0.jar;D:\software\eclipse\abo\repository\com\vaadin\external\google\android-json\0.0.20131108.vaadin1\android-json-0.0.20131108.vaadin1.jar;D:\software\eclipse\abo\repository\org\springframework\spring-core\5.2.2.RELEASE\spring-core-5.2.2.RELEASE.jar;D:\software\eclipse\abo\repository\org\springframework\spring-jcl\5.2.2.RELEASE\spring-jcl-5.2.2.RELEASE.jar;D:\software\eclipse\abo\repository\org\springframework\spring-test\5.2.2.RELEASE\spring-test-5.2.2.RELEASE.jar;D:\software\eclipse\abo\repository\org\xmlunit\xmlunit-core\2.6.3\xmlunit-core-2.6.3.jar;"/>
    <property name="sun.cpu.endian" value="little"/>
    <property name="user.home" value="C:\Users\Administrator"/>
    <property name="user.language" value="zh"/>
    <property name="java.specification.vendor" value="Oracle Corporation"/>
    <property name="java.home" value="C:\Program Files\Java\jdk1.8.0_211\jre"/>
    <property name="basedir" value="D:\KK_Movies\qianghuichapin"/>
    <property name="file.separator" value="\"/>
    <property name="line.separator" value="&#10;"/>
    <property name="java.vm.specification.vendor" value="Oracle Corporation"/>
    <property name="java.specification.name" value="Java Platform API Specification"/>
    <property name="java.awt.graphicsenv" value="sun.awt.Win32GraphicsEnvironment"/>
    <property name="surefire.real.class.path" value="C:\Users\ADMINI~1\AppData\Local\Temp\surefire8336109080263782554\surefirebooter941511655178520827.jar"/>
    <property name="sun.boot.class.path" value="C:\Program Files\Java\jdk1.8.0_211\jre\lib\resources.jar;C:\Program Files\Java\jdk1.8.0_211\jre\lib\rt.jar;C:\Program Files\Java\jdk1.8.0_211\jre\lib\sunrsasign.jar;C:\Program Files\Java\jdk1.8.0_211\jre\lib\jsse.jar;C:\Program Files\Java\jdk1.8.0_211\jre\lib\jce.jar;C:\Program Files\Java\jdk1.8.0_211\jre\lib\charsets.jar;C:\Program Files\Java\jdk1.8.0_211\jre\lib\jfr.jar;C:\Program Files\Java\jdk1.8.0_211\jre\classes"/>
    <property name="user.script" value=""/>
    <property name="sun.management.compiler" value="HotSpot 64-Bit Tiered Compilers"/>
    <property name="java.runtime.version" value="1.8.0_211-b12"/>
    <property name="user.name" value="Administrator"/>
    <property name="path.separator" value=";"/>
    <property name="os.version" value="10.0"/>
    <property name="java.endorsed.dirs" value="C:\Program Files\Java\jdk1.8.0_211\jre\lib\endorsed"/>
    <property name="java.runtime.name" value="Java(TM) SE Runtime Environment"/>
    <property name="file.encoding" value="GBK"/>
    <property name="java.vm.name" value="Java HotSpot(TM) 64-Bit Server VM"/>
    <property name="localRepository" value="D:\software\eclipse\abo\repository"/>
    <property name="java.vendor.url.bug" value="http://bugreport.sun.com/bugreport/"/>
    <property name="java.io.tmpdir" value="C:\Users\ADMINI~1\AppData\Local\Temp\"/>
    <property name="idea.version" value="2017.3.2"/>
    <property name="java.version" value="1.8.0_211"/>
    <property name="user.dir" value="D:\KK_Movies\qianghuichapin"/>
    <property name="os.arch" value="amd64"/>
    <property name="java.vm.specification.name" value="Java Virtual Machine Specification"/>
    <property name="java.awt.printerjob" value="sun.awt.windows.WPrinterJob"/>
    <property name="sun.os.patch.level" value=""/>
    <property name="java.library.path" value="C:\Program Files\Java\jdk1.8.0_211\jre\bin;C:\Windows\Sun\Java\bin;C:\Windows\system32;C:\Windows;C:\Program Files (x86)\Common Files\Oracle\Java\javapath;C:\Windows\system32;C:\Windows;C:\Windows\System32\Wbem;C:\Windows\System32\WindowsPowerShell\v1.0\;C:\Windows\System32\OpenSSH\;D:\software\node\;D:\software\node\node_global;D:\software\eclipse\abo\apache-maven-3.3.9\bin;C:\Program Files\Java\jdk1.8.0_211\bin;C:\Users\Administrator\AppData\Local\Microsoft\WindowsApps;C:\Users\Administrator\AppData\Roaming\npm;."/>
    <property name="java.vm.info" value="mixed mode"/>
    <property name="java.vendor" value="Oracle Corporation"/>
    <property name="java.vm.version" value="25.211-b12"/>
    <property name="java.ext.dirs" value="C:\Program Files\Java\jdk1.8.0_211\jre\lib\ext;C:\Windows\Sun\Java\lib\ext"/>
    <property name="sun.io.unicode.encoding" value="UnicodeLittle"/>
    <property name="java.class.version" value="52.0"/>
  </properties>
  <testcase name="contextLoads" classname="com.SpringbootSchemaApplicationTests" time="0.258"/>
</testsuite>